Change Physical Footprint: Designator=C1 Old Footprint=RB7.6-15 New Footprint=RB7.6-15
Change Physical Footprint: Designator=C2 Old Footprint=RB7.6-15 New Footprint=RB7.6-15
Change Physical Footprint: Designator=C3 Old Footprint=0603 New Footprint=0603
Change Physical Footprint: Designator=C4 Old Footprint=0603 New Footprint=0603
Change Physical Footprint: Designator=C5 Old Footprint=0603 New Footprint=0603
Change Physical Footprint: Designator=C6 Old Footprint=0603 New Footprint=0603
Change Physical Footprint: Designator=C7 Old Footprint=0603 New Footprint=0603
Change Physical Footprint: Designator=C8 Old Footprint=0603 New Footprint=0603
Change Physical Footprint: Designator=C9 Old Footprint=0603 New Footprint=0603
Change Physical Footprint: Designator=C10 Old Footprint=0603 New Footprint=0603
Change Physical Footprint: Designator=C11 Old Footprint=CAPR5-4X5 New Footprint=CAPR5-4X5
Change Physical Footprint: Designator=C12 Old Footprint=CAPR5-4X5 New Footprint=CAPR5-4X5
Change Physical Footprint: Designator=C13 Old Footprint=0603 New Footprint=0603
Change Physical Footprint: Designator=C14 Old Footprint=0603 New Footprint=0603
Change Physical Footprint: Designator=C15 Old Footprint=0603 New Footprint=0603
Change Physical Footprint: Designator=C16 Old Footprint=CAPR5-4X5 New Footprint=CAPR5-4X5
Change Physical Footprint: Designator=C17 Old Footprint=CAPR5-4X5 New Footprint=CAPR5-4X5
Change Physical Footprint: Designator=C18 Old Footprint=CAPR5-4X5 New Footprint=CAPR5-4X5
Change Physical Footprint: Designator=C19 Old Footprint=0603 New Footprint=0603
Change Physical Footprint: Designator=C20 Old Footprint=0603 New Footprint=0603
Change Physical Footprint: Designator=C21 Old Footprint=0603 New Footprint=0603
Change Physical Footprint: Designator=D1 Old Footprint=SMB New Footprint=SMB
Change Physical Footprint: Designator=D2 Old Footprint=0805D New Footprint=0805D
Change Physical Footprint: Designator=D3 Old Footprint=0805D New Footprint=0805D
Change Physical Footprint: Designator=D4 Old Footprint=0805D New Footprint=0805D
Change Physical Footprint: Designator=J1 Old Footprint=DSUB1.385-2H9 New Footprint=DSUB1.385-2H9
Change Physical Footprint: Designator=P1 Old Footprint=HDR1X5 New Footprint=HDR1X5
Change Physical Footprint: Designator=P2 Old Footprint=HDR1X5 New Footprint=HDR1X5
Change Physical Footprint: Designator=P3 Old Footprint=HDR1X16 New Footprint=HDR1X16
Change Physical Footprint: Designator=R1 Old Footprint=0603 New Footprint=0603
Change Physical Footprint: Designator=R2 Old Footprint=0603 New Footprint=0603
Change Physical Footprint: Designator=R3 Old Footprint=0603 New Footprint=0603
Change Physical Footprint: Designator=R4 Old Footprint=0603 New Footprint=0603
Change Physical Footprint: Designator=R5 Old Footprint=0603 New Footprint=0603
Change Physical Footprint: Designator=R6 Old Footprint=0603 New Footprint=0603
Change Physical Footprint: Designator=R7 Old Footprint=0603 New Footprint=0603
Change Physical Footprint: Designator=R8 Old Footprint=0603 New Footprint=0603
Change Physical Footprint: Designator=R9 Old Footprint=0603 New Footprint=0603
Change Physical Footprint: Designator=U1 Old Footprint=SOT-23-5L New Footprint=SOT-23-5L
Change Physical Footprint: Designator=U2 Old Footprint=SSOP16 New Footprint=SSOP16
Change Physical Footprint: Designator=U3 Old Footprint=LQFP32 New Footprint=LQFP32
