Replace Part C1 Cap Pol1 in C:\PROJECTS\VOLTEA\2.0\HMI2.0\volteaHMI_2_0\SCH\SCH.SchDoc with Cap Pol1 from Miscellaneous Devices.IntLib
Replace Part C2 Cap Pol1 in C:\PROJECTS\VOLTEA\2.0\HMI2.0\volteaHMI_2_0\SCH\SCH.SchDoc with Cap Pol1 from Miscellaneous Devices.IntLib
Replace Part C3 Cap in C:\PROJECTS\VOLTEA\2.0\HMI2.0\volteaHMI_2_0\SCH\SCH.SchDoc with Cap from Miscellaneous Devices.IntLib
Replace Part C4 Cap in C:\PROJECTS\VOLTEA\2.0\HMI2.0\volteaHMI_2_0\SCH\SCH.SchDoc with Cap from Miscellaneous Devices.IntLib
Replace Part C5 Cap in C:\PROJECTS\VOLTEA\2.0\HMI2.0\volteaHMI_2_0\SCH\SCH.SchDoc with Cap from Miscellaneous Devices.IntLib
Replace Part C6 Cap in C:\PROJECTS\VOLTEA\2.0\HMI2.0\volteaHMI_2_0\SCH\SCH.SchDoc with Cap from Miscellaneous Devices.IntLib
Replace Part C7 Cap in C:\PROJECTS\VOLTEA\2.0\HMI2.0\volteaHMI_2_0\SCH\SCH.SchDoc with Cap from Miscellaneous Devices.IntLib
Replace Part C8 Cap in C:\PROJECTS\VOLTEA\2.0\HMI2.0\volteaHMI_2_0\SCH\SCH.SchDoc with Cap from Miscellaneous Devices.IntLib
Replace Part C9 Cap in C:\PROJECTS\VOLTEA\2.0\HMI2.0\volteaHMI_2_0\SCH\SCH.SchDoc with Cap from Miscellaneous Devices.IntLib
Replace Part C10 Cap in C:\PROJECTS\VOLTEA\2.0\HMI2.0\volteaHMI_2_0\SCH\SCH.SchDoc with Cap from Miscellaneous Devices.IntLib
Replace Part C11 Cap2 in C:\PROJECTS\VOLTEA\2.0\HMI2.0\volteaHMI_2_0\SCH\SCH.SchDoc with Cap2 from Miscellaneous Devices.IntLib
Replace Part C12 Cap2 in C:\PROJECTS\VOLTEA\2.0\HMI2.0\volteaHMI_2_0\SCH\SCH.SchDoc with Cap2 from Miscellaneous Devices.IntLib
Replace Part C13 Cap in C:\PROJECTS\VOLTEA\2.0\HMI2.0\volteaHMI_2_0\SCH\SCH.SchDoc with Cap from Miscellaneous Devices.IntLib
Replace Part C14 Cap in C:\PROJECTS\VOLTEA\2.0\HMI2.0\volteaHMI_2_0\SCH\SCH.SchDoc with Cap from Miscellaneous Devices.IntLib
Replace Part C15 Cap in C:\PROJECTS\VOLTEA\2.0\HMI2.0\volteaHMI_2_0\SCH\SCH.SchDoc with Cap from Miscellaneous Devices.IntLib
Replace Part C16 Cap2 in C:\PROJECTS\VOLTEA\2.0\HMI2.0\volteaHMI_2_0\SCH\SCH.SchDoc with Cap2 from Miscellaneous Devices.IntLib
Replace Part C17 Cap2 in C:\PROJECTS\VOLTEA\2.0\HMI2.0\volteaHMI_2_0\SCH\SCH.SchDoc with Cap2 from Miscellaneous Devices.IntLib
Replace Part C18 Cap2 in C:\PROJECTS\VOLTEA\2.0\HMI2.0\volteaHMI_2_0\SCH\SCH.SchDoc with Cap2 from Miscellaneous Devices.IntLib
Replace Part C19 Cap in C:\PROJECTS\VOLTEA\2.0\HMI2.0\volteaHMI_2_0\SCH\SCH.SchDoc with Cap from Miscellaneous Devices.IntLib
Replace Part C20 Cap in C:\PROJECTS\VOLTEA\2.0\HMI2.0\volteaHMI_2_0\SCH\SCH.SchDoc with Cap from Miscellaneous Devices.IntLib
Replace Part C21 Cap in C:\PROJECTS\VOLTEA\2.0\HMI2.0\volteaHMI_2_0\SCH\SCH.SchDoc with Cap from Miscellaneous Devices.IntLib
Replace Part D1 D Schottky in C:\PROJECTS\VOLTEA\2.0\HMI2.0\volteaHMI_2_0\SCH\SCH.SchDoc with D Schottky from Miscellaneous Devices.IntLib
Replace Part D2 LED0 in C:\PROJECTS\VOLTEA\2.0\HMI2.0\volteaHMI_2_0\SCH\SCH.SchDoc with LED0 from Miscellaneous Devices.IntLib
Replace Part D3 LED0 in C:\PROJECTS\VOLTEA\2.0\HMI2.0\volteaHMI_2_0\SCH\SCH.SchDoc with LED0 from Miscellaneous Devices.IntLib
Replace Part D4 LED0 in C:\PROJECTS\VOLTEA\2.0\HMI2.0\volteaHMI_2_0\SCH\SCH.SchDoc with LED0 from Miscellaneous Devices.IntLib
Replace Part J1 D Connector 9 in C:\PROJECTS\VOLTEA\2.0\HMI2.0\volteaHMI_2_0\SCH\SCH.SchDoc with D Connector 9 from Miscellaneous Connectors.IntLib
Replace Part P1 Header 5 in C:\PROJECTS\VOLTEA\2.0\HMI2.0\volteaHMI_2_0\SCH\SCH.SchDoc with Header 5 from Miscellaneous Connectors.IntLib
Replace Part P2 Header 5 in C:\PROJECTS\VOLTEA\2.0\HMI2.0\volteaHMI_2_0\SCH\SCH.SchDoc with Header 5 from Miscellaneous Connectors.IntLib
Replace Part P3 Header 16 in C:\PROJECTS\VOLTEA\2.0\HMI2.0\volteaHMI_2_0\SCH\SCH.SchDoc with Header 16 from Miscellaneous Connectors.IntLib
Replace Part R1 Res Semi in C:\PROJECTS\VOLTEA\2.0\HMI2.0\volteaHMI_2_0\SCH\SCH.SchDoc with Res Semi from Miscellaneous Devices.IntLib
Replace Part R2 Res Semi in C:\PROJECTS\VOLTEA\2.0\HMI2.0\volteaHMI_2_0\SCH\SCH.SchDoc with Res Semi from Miscellaneous Devices.IntLib
Replace Part R3 Res Semi in C:\PROJECTS\VOLTEA\2.0\HMI2.0\volteaHMI_2_0\SCH\SCH.SchDoc with Res Semi from Miscellaneous Devices.IntLib
Replace Part R4 Res Semi in C:\PROJECTS\VOLTEA\2.0\HMI2.0\volteaHMI_2_0\SCH\SCH.SchDoc with Res Semi from Miscellaneous Devices.IntLib
Replace Part R5 Res Semi in C:\PROJECTS\VOLTEA\2.0\HMI2.0\volteaHMI_2_0\SCH\SCH.SchDoc with Res Semi from Miscellaneous Devices.IntLib
Replace Part R6 Res Semi in C:\PROJECTS\VOLTEA\2.0\HMI2.0\volteaHMI_2_0\SCH\SCH.SchDoc with Res Semi from Miscellaneous Devices.IntLib
Replace Part R7 Res Semi in C:\PROJECTS\VOLTEA\2.0\HMI2.0\volteaHMI_2_0\SCH\SCH.SchDoc with Res Semi from Miscellaneous Devices.IntLib
Replace Part R8 Res Semi in C:\PROJECTS\VOLTEA\2.0\HMI2.0\volteaHMI_2_0\SCH\SCH.SchDoc with Res Semi from Miscellaneous Devices.IntLib
Replace Part R9 Res Semi in C:\PROJECTS\VOLTEA\2.0\HMI2.0\volteaHMI_2_0\SCH\SCH.SchDoc with Res Semi from Miscellaneous Devices.IntLib
Replace Part U1 VRH3302 in C:\PROJECTS\VOLTEA\2.0\HMI2.0\volteaHMI_2_0\SCH\SCH.SchDoc with VRH3302 from MyAltiumSchlib1.SchLib
Replace Part U2 MAX232 in C:\PROJECTS\VOLTEA\2.0\HMI2.0\volteaHMI_2_0\SCH\SCH.SchDoc with MAX232 from MyAltiumSchlib1.SchLib
Replace Part U3 STM32F030K6 in C:\PROJECTS\VOLTEA\2.0\HMI2.0\volteaHMI_2_0\SCH\SCH.SchDoc with STM32F030K6 from MyAltiumSchlib1.SchLib
